Using pre-set license
Built from '2021.1/release' branch; Version is '2021.1.1f1 (6fdc41dfa55a) revision 7330881'; Using compiler version '192528614'; Build Type 'Release'
OS: 'Windows 10 Pro; OS build 19045.3930; Version 2009; 64bit' Language: 'en' Physical Memory: 16334 MB
BatchMode: 1, IsHumanControllingUs: 0, StartBugReporterOnCrash: 0, Is64bit: 1, IsPro: 0

 COMMAND LINE ARGUMENTS:
D:\Unity\2021.1.1f1\Editor\Unity.exe
-adb2
-batchMode
-noUpm
-name
AssetImportWorker0
-projectPath
D:/Unity/planet-terrain-test
-logFile
Logs/AssetImportWorker0.log
-srvPort
56698
Successfully changed project path to: D:/Unity/planet-terrain-test
D:/Unity/planet-terrain-test
Using Asset Import Pipeline V2.
Refreshing native plugins compatible for Editor in 105.17 ms, found 1 plugins.
Preloading 0 native plugins for Editor in 0.00 ms.
Initialize engine version: 2021.1.1f1 (6fdc41dfa55a)
[Subsystems] Discovering subsystems at path D:/Unity/2021.1.1f1/Editor/Data/Resources/UnitySubsystems
[Subsystems] Discovering subsystems at path D:/Unity/planet-terrain-test/Assets
GfxDevice: creating device client; threaded=0; jobified=0
Direct3D:
    Version:  Direct3D 11.0 [level 11.1]
    Renderer: AMD Radeon RX 5700 XT (ID=0x731f)
    Vendor:   ATI
    VRAM:     8151 MB
    Driver:   31.0.12019.9007
Initialize mono
Mono path[0] = 'D:/Unity/2021.1.1f1/Editor/Data/Managed'
Mono path[1] = 'D:/Unity/2021.1.1f1/Editor/Data/MonoBleedingEdge/lib/mono/unityjit'
Mono config path = 'D:/Unity/2021.1.1f1/Editor/Data/MonoBleedingEdge/etc'
Using monoOptions --debugger-agent=transport=dt_socket,embedding=1,server=y,suspend=n,address=127.0.0.1:56824
Begin MonoManager ReloadAssembly
Registering precompiled unity dll's ...
Register platform support module: D:/Unity/2021.1.1f1/Editor/Data/PlaybackEngines/WindowsStandaloneSupport/UnityEditor.WindowsStandalone.Extensions.dll
Registered in 0.000815 seconds.
Native extension for WindowsStandalone target not found
Refreshing native plugins compatible for Editor in 106.42 ms, found 1 plugins.
Preloading 0 native plugins for Editor in 0.00 ms.
Mono: successfully reloaded assembly
- Completed reload, in  0.827 seconds
Platform modules already initialized, skipping
Registering precompiled user dll's ...
Registered in 0.002227 seconds.
Begin MonoManager ReloadAssembly
Native extension for WindowsStandalone target not found
Refreshing native plugins compatible for Editor in 114.36 ms, found 1 plugins.
Preloading 0 native plugins for Editor in 0.00 ms.
Mono: successfully reloaded assembly
- Completed reload, in  1.166 seconds
Platform modules already initialized, skipping
========================================================================
Worker process is ready to serve import requests
Launched and connected shader compiler UnityShaderCompiler.exe after 0.04 seconds
Refreshing native plugins compatible for Editor in 0.83 ms, found 1 plugins.
Preloading 0 native plugins for Editor in 0.00 ms.
Unloading 5082 Unused Serialized files (Serialized files now loaded: 0)
System memory in use before: 214.8 MB.
System memory in use after: 212.5 MB.

Unloading 41 unused Assets to reduce memory usage. Loaded Objects now: 5528.
Total: 4.673600 ms (FindLiveObjects: 0.552600 ms CreateObjectMapping: 0.209800 ms MarkObjects: 2.616400 ms  DeleteObjects: 1.293900 ms)

========================================================================
Received Import Request.
  path: Assets/Animations
  artifactKey: Guid(a083f9776c2650d4c8b1058f9506505d) Importer(815301076,1909f56bfc062723c751e8b465ee728b)
Start importing Assets/Animations using Guid(a083f9776c2650d4c8b1058f9506505d) Importer(815301076,1909f56bfc062723c751e8b465ee728b)  -> (artifact id: '554c75ac228510e99ea3247a1e897457') in 0.010752 seconds 
========================================================================
Received Import Request.
  Time since last request: 11.793220 seconds.
  path: Assets/Art/Earth Colours.mat
  artifactKey: Guid(75d643eb58ed48c4bbd03e59ada86081) Importer(815301076,1909f56bfc062723c751e8b465ee728b)
Start importing Assets/Art/Earth Colours.mat using Guid(75d643eb58ed48c4bbd03e59ada86081) Importer(815301076,1909f56bfc062723c751e8b465ee728b) Launched and connected shader compiler UnityShaderCompiler.exe after 0.04 seconds
Launched and connected shader compiler UnityShaderCompiler.exe after 0.04 seconds
Launched and connected shader compiler UnityShaderCompiler.exe after 0.04 seconds
Launched and connected shader compiler UnityShaderCompiler.exe after 0.04 seconds
Launched and connected shader compiler UnityShaderCompiler.exe after 0.03 seconds
Launched and connected shader compiler UnityShaderCompiler.exe after 0.04 seconds
Launched and connected shader compiler UnityShaderCompiler.exe after 0.04 seconds
Launched and connected shader compiler UnityShaderCompiler.exe after 0.04 seconds
Launched and connected shader compiler UnityShaderCompiler.exe after 0.04 seconds
Launched and connected shader compiler UnityShaderCompiler.exe after 0.04 seconds
Launched and connected shader compiler UnityShaderCompiler.exe after 0.04 seconds
 -> (artifact id: 'b09d623768d38726632a39921325d12b') in 1.085368 seconds 
========================================================================
Received Prepare
Registering precompiled user dll's ...
Registered in 0.002530 seconds.
Begin MonoManager ReloadAssembly
Native extension for WindowsStandalone target not found
Refreshing native plugins compatible for Editor in 0.85 ms, found 1 plugins.
Preloading 0 native plugins for Editor in 0.00 ms.
Mono: successfully reloaded assembly
- Completed reload, in  0.982 seconds
Platform modules already initialized, skipping
Refreshing native plugins compatible for Editor in 0.89 ms, found 1 plugins.
Preloading 0 native plugins for Editor in 0.00 ms.
Unloading 4838 Unused Serialized files (Serialized files now loaded: 0)
System memory in use before: 214.2 MB.
System memory in use after: 211.9 MB.

Unloading 35 unused Assets to reduce memory usage. Loaded Objects now: 5698.
Total: 4.005400 ms (FindLiveObjects: 0.442900 ms CreateObjectMapping: 0.146400 ms MarkObjects: 2.306700 ms  DeleteObjects: 1.108600 ms)

========================================================================
Received Import Request.
  Time since last request: 47.414757 seconds.
  path: Assets/Art/Earth Colours.mat
  artifactKey: Guid(75d643eb58ed48c4bbd03e59ada86081) Importer(815301076,1909f56bfc062723c751e8b465ee728b)
Start importing Assets/Art/Earth Colours.mat using Guid(75d643eb58ed48c4bbd03e59ada86081) Importer(815301076,1909f56bfc062723c751e8b465ee728b)  -> (artifact id: 'db27aa8cfb3a75d8945d67fdb43c1a27') in 0.395294 seconds 
========================================================================
Received Prepare
Registering precompiled user dll's ...
Registered in 0.002446 seconds.
Begin MonoManager ReloadAssembly
Native extension for WindowsStandalone target not found
Refreshing native plugins compatible for Editor in 0.87 ms, found 1 plugins.
Preloading 0 native plugins for Editor in 0.00 ms.
Mono: successfully reloaded assembly
- Completed reload, in  0.943 seconds
Platform modules already initialized, skipping
Refreshing native plugins compatible for Editor in 0.83 ms, found 1 plugins.
Preloading 0 native plugins for Editor in 0.00 ms.
Unloading 4825 Unused Serialized files (Serialized files now loaded: 0)
System memory in use before: 213.8 MB.
System memory in use after: 211.5 MB.

Unloading 35 unused Assets to reduce memory usage. Loaded Objects now: 5803.
Total: 4.545900 ms (FindLiveObjects: 0.470900 ms CreateObjectMapping: 0.166400 ms MarkObjects: 2.506800 ms  DeleteObjects: 1.400500 ms)

========================================================================
Received Import Request.
  Time since last request: 233.741778 seconds.
  path: Assets/Scripts/Planet Scripts/ColourGenerator.cs
  artifactKey: Guid(70f526dac8162534887956f7923cdfd3) Importer(815301076,1909f56bfc062723c751e8b465ee728b)
Start importing Assets/Scripts/Planet Scripts/ColourGenerator.cs using Guid(70f526dac8162534887956f7923cdfd3) Importer(815301076,1909f56bfc062723c751e8b465ee728b)  -> (artifact id: '8c1fbf26f2952b21f857a2aa9645df79') in 0.021563 seconds 
========================================================================
Received Import Request.
  Time since last request: 98.665719 seconds.
  path: Assets/Scripts/Planet Scripts/ColourGenerator.cs
  artifactKey: Guid(70f526dac8162534887956f7923cdfd3) Importer(815301076,1909f56bfc062723c751e8b465ee728b)
Start importing Assets/Scripts/Planet Scripts/ColourGenerator.cs using Guid(70f526dac8162534887956f7923cdfd3) Importer(815301076,1909f56bfc062723c751e8b465ee728b)  -> (artifact id: 'bbbf459f3e142355580d7c495e5dcec1') in 0.001896 seconds 
========================================================================
Received Import Request.
  Time since last request: 0.022899 seconds.
  path: Assets/Scripts/Planet Scripts/ShapeGenerator.cs
  artifactKey: Guid(c2d191a90bd11a84593ab822ec29c974) Importer(815301076,1909f56bfc062723c751e8b465ee728b)
Start importing Assets/Scripts/Planet Scripts/ShapeGenerator.cs using Guid(c2d191a90bd11a84593ab822ec29c974) Importer(815301076,1909f56bfc062723c751e8b465ee728b)  -> (artifact id: '6084464d739a48c15ac679b7cf667547') in 0.006922 seconds 
========================================================================
Received Prepare
Registering precompiled user dll's ...
Registered in 0.002580 seconds.
Begin MonoManager ReloadAssembly
Native extension for WindowsStandalone target not found
Refreshing native plugins compatible for Editor in 0.90 ms, found 1 plugins.
Preloading 0 native plugins for Editor in 0.00 ms.
Mono: successfully reloaded assembly
- Completed reload, in  0.967 seconds
Platform modules already initialized, skipping
Refreshing native plugins compatible for Editor in 0.90 ms, found 1 plugins.
Preloading 0 native plugins for Editor in 0.00 ms.
Unloading 4825 Unused Serialized files (Serialized files now loaded: 0)
System memory in use before: 213.7 MB.
System memory in use after: 211.4 MB.

Unloading 35 unused Assets to reduce memory usage. Loaded Objects now: 5806.
Total: 4.339100 ms (FindLiveObjects: 0.489100 ms CreateObjectMapping: 0.158800 ms MarkObjects: 2.264800 ms  DeleteObjects: 1.425700 ms)

========================================================================
Received Prepare
Registering precompiled user dll's ...
Registered in 0.002553 seconds.
Begin MonoManager ReloadAssembly
Native extension for WindowsStandalone target not found
Refreshing native plugins compatible for Editor in 0.88 ms, found 1 plugins.
Preloading 0 native plugins for Editor in 0.00 ms.
Mono: successfully reloaded assembly
- Completed reload, in  0.928 seconds
Platform modules already initialized, skipping
Refreshing native plugins compatible for Editor in 0.84 ms, found 1 plugins.
Preloading 0 native plugins for Editor in 0.00 ms.
Unloading 4825 Unused Serialized files (Serialized files now loaded: 0)
System memory in use before: 213.7 MB.
System memory in use after: 211.4 MB.

Unloading 35 unused Assets to reduce memory usage. Loaded Objects now: 5809.
Total: 4.229100 ms (FindLiveObjects: 0.428600 ms CreateObjectMapping: 0.150500 ms MarkObjects: 2.207100 ms  DeleteObjects: 1.442200 ms)

========================================================================
Received Prepare
Registering precompiled user dll's ...
Registered in 0.002549 seconds.
Begin MonoManager ReloadAssembly
Native extension for WindowsStandalone target not found
Refreshing native plugins compatible for Editor in 0.86 ms, found 1 plugins.
Preloading 0 native plugins for Editor in 0.00 ms.
Mono: successfully reloaded assembly
- Completed reload, in  0.978 seconds
Platform modules already initialized, skipping
Refreshing native plugins compatible for Editor in 0.86 ms, found 1 plugins.
Preloading 0 native plugins for Editor in 0.00 ms.
Unloading 4825 Unused Serialized files (Serialized files now loaded: 0)
System memory in use before: 213.5 MB.
System memory in use after: 211.2 MB.

Unloading 35 unused Assets to reduce memory usage. Loaded Objects now: 5812.
Total: 4.327600 ms (FindLiveObjects: 0.464500 ms CreateObjectMapping: 0.167000 ms MarkObjects: 2.175900 ms  DeleteObjects: 1.519100 ms)

========================================================================
Received Prepare
Registering precompiled user dll's ...
Registered in 0.002828 seconds.
Begin MonoManager ReloadAssembly
Native extension for WindowsStandalone target not found
Refreshing native plugins compatible for Editor in 1.53 ms, found 1 plugins.
Preloading 0 native plugins for Editor in 0.00 ms.
Mono: successfully reloaded assembly
- Completed reload, in  1.004 seconds
Platform modules already initialized, skipping
Refreshing native plugins compatible for Editor in 0.88 ms, found 1 plugins.
Preloading 0 native plugins for Editor in 0.00 ms.
Unloading 4825 Unused Serialized files (Serialized files now loaded: 0)
System memory in use before: 213.7 MB.
System memory in use after: 211.4 MB.

Unloading 35 unused Assets to reduce memory usage. Loaded Objects now: 5815.
Total: 4.286700 ms (FindLiveObjects: 0.455700 ms CreateObjectMapping: 0.151400 ms MarkObjects: 2.199000 ms  DeleteObjects: 1.479500 ms)

========================================================================
Received Prepare
Registering precompiled user dll's ...
Registered in 0.002598 seconds.
Begin MonoManager ReloadAssembly
Native extension for WindowsStandalone target not found
Refreshing native plugins compatible for Editor in 0.89 ms, found 1 plugins.
Preloading 0 native plugins for Editor in 0.00 ms.
Mono: successfully reloaded assembly
- Completed reload, in  0.950 seconds
Platform modules already initialized, skipping
Refreshing native plugins compatible for Editor in 0.86 ms, found 1 plugins.
Preloading 0 native plugins for Editor in 0.00 ms.
Unloading 4825 Unused Serialized files (Serialized files now loaded: 0)
System memory in use before: 213.7 MB.
System memory in use after: 211.5 MB.

Unloading 35 unused Assets to reduce memory usage. Loaded Objects now: 5818.
Total: 4.476200 ms (FindLiveObjects: 0.561300 ms CreateObjectMapping: 0.149000 ms MarkObjects: 2.224500 ms  DeleteObjects: 1.540400 ms)

========================================================================
Received Prepare
Registering precompiled user dll's ...
Registered in 0.002486 seconds.
Begin MonoManager ReloadAssembly
Native extension for WindowsStandalone target not found
Refreshing native plugins compatible for Editor in 0.90 ms, found 1 plugins.
Preloading 0 native plugins for Editor in 0.00 ms.
Mono: successfully reloaded assembly
- Completed reload, in  0.949 seconds
Platform modules already initialized, skipping
Refreshing native plugins compatible for Editor in 0.85 ms, found 1 plugins.
Preloading 0 native plugins for Editor in 0.00 ms.
Unloading 4825 Unused Serialized files (Serialized files now loaded: 0)
System memory in use before: 213.7 MB.
System memory in use after: 211.5 MB.

Unloading 35 unused Assets to reduce memory usage. Loaded Objects now: 5821.
Total: 4.514000 ms (FindLiveObjects: 0.590800 ms CreateObjectMapping: 0.188600 ms MarkObjects: 2.219400 ms  DeleteObjects: 1.513900 ms)

========================================================================
Received Prepare
Registering precompiled user dll's ...
Registered in 0.002536 seconds.
Begin MonoManager ReloadAssembly
Native extension for WindowsStandalone target not found
Refreshing native plugins compatible for Editor in 0.86 ms, found 1 plugins.
Preloading 0 native plugins for Editor in 0.00 ms.
Mono: successfully reloaded assembly
- Completed reload, in  0.978 seconds
Platform modules already initialized, skipping
Refreshing native plugins compatible for Editor in 0.84 ms, found 1 plugins.
Preloading 0 native plugins for Editor in 0.00 ms.
Unloading 4825 Unused Serialized files (Serialized files now loaded: 0)
System memory in use before: 213.7 MB.
System memory in use after: 211.5 MB.

Unloading 35 unused Assets to reduce memory usage. Loaded Objects now: 5824.
Total: 4.406100 ms (FindLiveObjects: 0.514700 ms CreateObjectMapping: 0.154100 ms MarkObjects: 2.238600 ms  DeleteObjects: 1.497800 ms)

========================================================================
Received Prepare
Registering precompiled user dll's ...
Registered in 0.002417 seconds.
Begin MonoManager ReloadAssembly
Native extension for WindowsStandalone target not found
Refreshing native plugins compatible for Editor in 0.87 ms, found 1 plugins.
Preloading 0 native plugins for Editor in 0.00 ms.
Mono: successfully reloaded assembly
- Completed reload, in  0.917 seconds
Platform modules already initialized, skipping
Refreshing native plugins compatible for Editor in 0.86 ms, found 1 plugins.
Preloading 0 native plugins for Editor in 0.00 ms.
Unloading 4825 Unused Serialized files (Serialized files now loaded: 0)
System memory in use before: 213.6 MB.
System memory in use after: 211.3 MB.

Unloading 35 unused Assets to reduce memory usage. Loaded Objects now: 5827.
Total: 4.423300 ms (FindLiveObjects: 0.490700 ms CreateObjectMapping: 0.157000 ms MarkObjects: 2.269700 ms  DeleteObjects: 1.505100 ms)

========================================================================
Received Prepare
Registering precompiled user dll's ...
Registered in 0.002588 seconds.
Begin MonoManager ReloadAssembly
Native extension for WindowsStandalone target not found
Refreshing native plugins compatible for Editor in 0.85 ms, found 1 plugins.
Preloading 0 native plugins for Editor in 0.00 ms.
Mono: successfully reloaded assembly
- Completed reload, in  0.929 seconds
Platform modules already initialized, skipping
Refreshing native plugins compatible for Editor in 0.88 ms, found 1 plugins.
Preloading 0 native plugins for Editor in 0.00 ms.
Unloading 4825 Unused Serialized files (Serialized files now loaded: 0)
System memory in use before: 213.8 MB.
System memory in use after: 211.5 MB.

Unloading 35 unused Assets to reduce memory usage. Loaded Objects now: 5830.
Total: 4.450500 ms (FindLiveObjects: 0.481600 ms CreateObjectMapping: 0.156200 ms MarkObjects: 2.285000 ms  DeleteObjects: 1.526900 ms)

========================================================================
Received Prepare
Registering precompiled user dll's ...
Registered in 0.002407 seconds.
Begin MonoManager ReloadAssembly
Native extension for WindowsStandalone target not found
Refreshing native plugins compatible for Editor in 0.87 ms, found 1 plugins.
Preloading 0 native plugins for Editor in 0.00 ms.
Mono: successfully reloaded assembly
- Completed reload, in  0.935 seconds
Platform modules already initialized, skipping
Refreshing native plugins compatible for Editor in 0.87 ms, found 1 plugins.
Preloading 0 native plugins for Editor in 0.00 ms.
Unloading 4825 Unused Serialized files (Serialized files now loaded: 0)
System memory in use before: 213.8 MB.
System memory in use after: 211.5 MB.

Unloading 35 unused Assets to reduce memory usage. Loaded Objects now: 5833.
Total: 4.728200 ms (FindLiveObjects: 0.460000 ms CreateObjectMapping: 0.150000 ms MarkObjects: 2.565400 ms  DeleteObjects: 1.551700 ms)

========================================================================
Received Prepare
Registering precompiled user dll's ...
Registered in 0.002541 seconds.
Begin MonoManager ReloadAssembly
Native extension for WindowsStandalone target not found
Refreshing native plugins compatible for Editor in 0.90 ms, found 1 plugins.
Preloading 0 native plugins for Editor in 0.00 ms.
Mono: successfully reloaded assembly
- Completed reload, in  0.946 seconds
Platform modules already initialized, skipping
Refreshing native plugins compatible for Editor in 0.89 ms, found 1 plugins.
Preloading 0 native plugins for Editor in 0.00 ms.
Unloading 4825 Unused Serialized files (Serialized files now loaded: 0)
System memory in use before: 213.8 MB.
System memory in use after: 211.5 MB.

Unloading 35 unused Assets to reduce memory usage. Loaded Objects now: 5836.
Total: 4.838600 ms (FindLiveObjects: 0.474200 ms CreateObjectMapping: 0.149200 ms MarkObjects: 2.675400 ms  DeleteObjects: 1.539000 ms)

========================================================================
Received Import Request.
  Time since last request: 879.512102 seconds.
  path: Assets/Art/world.topo.bathy.200409.3x21600x10800.png
  artifactKey: Guid(3c48807f44d54a649a498aac87056dd2) Importer(815301076,1909f56bfc062723c751e8b465ee728b)
Start importing Assets/Art/world.topo.bathy.200409.3x21600x10800.png using Guid(3c48807f44d54a649a498aac87056dd2) Importer(815301076,1909f56bfc062723c751e8b465ee728b)  -> (artifact id: '1fd2365022a1a4d40b872a11c17f7327') in 0.121473 seconds 
========================================================================
Received Prepare
Registering precompiled user dll's ...
Registered in 0.002523 seconds.
Begin MonoManager ReloadAssembly
Native extension for WindowsStandalone target not found
Refreshing native plugins compatible for Editor in 0.90 ms, found 1 plugins.
Preloading 0 native plugins for Editor in 0.00 ms.
Mono: successfully reloaded assembly
- Completed reload, in  0.978 seconds
Platform modules already initialized, skipping
Refreshing native plugins compatible for Editor in 0.85 ms, found 1 plugins.
Preloading 0 native plugins for Editor in 0.00 ms.
Unloading 4826 Unused Serialized files (Serialized files now loaded: 0)
System memory in use before: 216.9 MB.
System memory in use after: 214.7 MB.

Unloading 35 unused Assets to reduce memory usage. Loaded Objects now: 5855.
Total: 4.395100 ms (FindLiveObjects: 0.493100 ms CreateObjectMapping: 0.156000 ms MarkObjects: 2.193600 ms  DeleteObjects: 1.551700 ms)

========================================================================
Received Import Request.
  Time since last request: 273.776739 seconds.
  path: Assets/Scripts/Planet Scripts/Planet.cs
  artifactKey: Guid(65b72c906b928b34886aa6d3ea51e2ef) Importer(815301076,1909f56bfc062723c751e8b465ee728b)
Start importing Assets/Scripts/Planet Scripts/Planet.cs using Guid(65b72c906b928b34886aa6d3ea51e2ef) Importer(815301076,1909f56bfc062723c751e8b465ee728b)  -> (artifact id: 'dcdd82ebc6276b96f0f96b029fc2f457') in 0.025269 seconds 
========================================================================
Received Prepare
Registering precompiled user dll's ...
Registered in 0.002479 seconds.
Begin MonoManager ReloadAssembly
Native extension for WindowsStandalone target not found
Refreshing native plugins compatible for Editor in 0.89 ms, found 1 plugins.
Preloading 0 native plugins for Editor in 0.00 ms.
Mono: successfully reloaded assembly
- Completed reload, in  0.973 seconds
Platform modules already initialized, skipping
Refreshing native plugins compatible for Editor in 0.85 ms, found 1 plugins.
Preloading 0 native plugins for Editor in 0.00 ms.
Unloading 4825 Unused Serialized files (Serialized files now loaded: 0)
System memory in use before: 216.7 MB.
System memory in use after: 214.5 MB.

Unloading 35 unused Assets to reduce memory usage. Loaded Objects now: 5858.
Total: 4.372600 ms (FindLiveObjects: 0.469700 ms CreateObjectMapping: 0.140600 ms MarkObjects: 2.241700 ms  DeleteObjects: 1.519600 ms)

========================================================================
Received Import Request.
  Time since last request: 53.306852 seconds.
  path: Assets/Scripts/Planet Scripts/Planet.cs
  artifactKey: Guid(65b72c906b928b34886aa6d3ea51e2ef) Importer(815301076,1909f56bfc062723c751e8b465ee728b)
Start importing Assets/Scripts/Planet Scripts/Planet.cs using Guid(65b72c906b928b34886aa6d3ea51e2ef) Importer(815301076,1909f56bfc062723c751e8b465ee728b)  -> (artifact id: '67587a3f2c7a4090b271d1a1df3f07ba') in 0.006002 seconds 
========================================================================
Received Prepare
Registering precompiled user dll's ...
Registered in 0.002482 seconds.
Begin MonoManager ReloadAssembly
Native extension for WindowsStandalone target not found
Refreshing native plugins compatible for Editor in 0.85 ms, found 1 plugins.
Preloading 0 native plugins for Editor in 0.00 ms.
Mono: successfully reloaded assembly
- Completed reload, in  0.932 seconds
Platform modules already initialized, skipping
Refreshing native plugins compatible for Editor in 0.84 ms, found 1 plugins.
Preloading 0 native plugins for Editor in 0.00 ms.
Unloading 4825 Unused Serialized files (Serialized files now loaded: 0)
System memory in use before: 216.9 MB.
System memory in use after: 214.7 MB.

Unloading 35 unused Assets to reduce memory usage. Loaded Objects now: 5861.
Total: 4.411100 ms (FindLiveObjects: 0.483400 ms CreateObjectMapping: 0.141300 ms MarkObjects: 2.266800 ms  DeleteObjects: 1.518600 ms)

========================================================================
Received Prepare
Registering precompiled user dll's ...
Registered in 0.002404 seconds.
Begin MonoManager ReloadAssembly
Native extension for WindowsStandalone target not found
Refreshing native plugins compatible for Editor in 0.85 ms, found 1 plugins.
Preloading 0 native plugins for Editor in 0.00 ms.
Mono: successfully reloaded assembly
- Completed reload, in  0.941 seconds
Platform modules already initialized, skipping
Refreshing native plugins compatible for Editor in 0.84 ms, found 1 plugins.
Preloading 0 native plugins for Editor in 0.00 ms.
Unloading 4825 Unused Serialized files (Serialized files now loaded: 0)
System memory in use before: 216.9 MB.
System memory in use after: 214.7 MB.

Unloading 35 unused Assets to reduce memory usage. Loaded Objects now: 5864.
Total: 4.330400 ms (FindLiveObjects: 0.445400 ms CreateObjectMapping: 0.168700 ms MarkObjects: 2.214700 ms  DeleteObjects: 1.500400 ms)

========================================================================
Received Prepare
Registering precompiled user dll's ...
Registered in 0.002452 seconds.
Begin MonoManager ReloadAssembly
Native extension for WindowsStandalone target not found
Refreshing native plugins compatible for Editor in 0.90 ms, found 1 plugins.
Preloading 0 native plugins for Editor in 0.00 ms.
Mono: successfully reloaded assembly
- Completed reload, in  0.988 seconds
Platform modules already initialized, skipping
Refreshing native plugins compatible for Editor in 0.84 ms, found 1 plugins.
Preloading 0 native plugins for Editor in 0.00 ms.
Unloading 4825 Unused Serialized files (Serialized files now loaded: 0)
System memory in use before: 217.0 MB.
System memory in use after: 214.7 MB.

Unloading 35 unused Assets to reduce memory usage. Loaded Objects now: 5867.
Total: 4.454800 ms (FindLiveObjects: 0.490700 ms CreateObjectMapping: 0.157600 ms MarkObjects: 2.283000 ms  DeleteObjects: 1.522600 ms)

========================================================================
Received Prepare
Registering precompiled user dll's ...
Registered in 0.002529 seconds.
Begin MonoManager ReloadAssembly
Native extension for WindowsStandalone target not found
Refreshing native plugins compatible for Editor in 0.94 ms, found 1 plugins.
Preloading 0 native plugins for Editor in 0.00 ms.
Mono: successfully reloaded assembly
- Completed reload, in  0.960 seconds
Platform modules already initialized, skipping
Refreshing native plugins compatible for Editor in 0.82 ms, found 1 plugins.
Preloading 0 native plugins for Editor in 0.00 ms.
Unloading 4825 Unused Serialized files (Serialized files now loaded: 0)
System memory in use before: 217.0 MB.
System memory in use after: 214.7 MB.

Unloading 35 unused Assets to reduce memory usage. Loaded Objects now: 5870.
Total: 4.436100 ms (FindLiveObjects: 0.504800 ms CreateObjectMapping: 0.164200 ms MarkObjects: 2.245900 ms  DeleteObjects: 1.519700 ms)

========================================================================
Received Prepare
Registering precompiled user dll's ...
Registered in 0.002531 seconds.
Begin MonoManager ReloadAssembly
Native extension for WindowsStandalone target not found
Refreshing native plugins compatible for Editor in 0.90 ms, found 1 plugins.
Preloading 0 native plugins for Editor in 0.00 ms.
Mono: successfully reloaded assembly
- Completed reload, in  0.966 seconds
Platform modules already initialized, skipping
Refreshing native plugins compatible for Editor in 0.88 ms, found 1 plugins.
Preloading 0 native plugins for Editor in 0.00 ms.
Unloading 4825 Unused Serialized files (Serialized files now loaded: 0)
System memory in use before: 216.8 MB.
System memory in use after: 214.5 MB.

Unloading 35 unused Assets to reduce memory usage. Loaded Objects now: 5873.
Total: 4.683700 ms (FindLiveObjects: 0.575200 ms CreateObjectMapping: 0.151400 ms MarkObjects: 2.341400 ms  DeleteObjects: 1.614700 ms)

========================================================================
Received Prepare
Registering precompiled user dll's ...
Registered in 0.002509 seconds.
Begin MonoManager ReloadAssembly
Native extension for WindowsStandalone target not found
Refreshing native plugins compatible for Editor in 0.89 ms, found 1 plugins.
Preloading 0 native plugins for Editor in 0.00 ms.
Mono: successfully reloaded assembly
- Completed reload, in  0.973 seconds
Platform modules already initialized, skipping
Refreshing native plugins compatible for Editor in 0.84 ms, found 1 plugins.
Preloading 0 native plugins for Editor in 0.00 ms.
Unloading 4825 Unused Serialized files (Serialized files now loaded: 0)
System memory in use before: 217.0 MB.
System memory in use after: 214.7 MB.

Unloading 35 unused Assets to reduce memory usage. Loaded Objects now: 5876.
Total: 4.411100 ms (FindLiveObjects: 0.526600 ms CreateObjectMapping: 0.145900 ms MarkObjects: 2.253300 ms  DeleteObjects: 1.483700 ms)

========================================================================
Received Prepare
Registering precompiled user dll's ...
Registered in 0.002693 seconds.
Begin MonoManager ReloadAssembly
Native extension for WindowsStandalone target not found
Refreshing native plugins compatible for Editor in 0.85 ms, found 1 plugins.
Preloading 0 native plugins for Editor in 0.00 ms.
Mono: successfully reloaded assembly
- Completed reload, in  0.951 seconds
Platform modules already initialized, skipping
Refreshing native plugins compatible for Editor in 0.84 ms, found 1 plugins.
Preloading 0 native plugins for Editor in 0.00 ms.
Unloading 4825 Unused Serialized files (Serialized files now loaded: 0)
System memory in use before: 217.0 MB.
System memory in use after: 214.7 MB.

Unloading 35 unused Assets to reduce memory usage. Loaded Objects now: 5879.
Total: 4.390000 ms (FindLiveObjects: 0.445800 ms CreateObjectMapping: 0.165800 ms MarkObjects: 2.244600 ms  DeleteObjects: 1.532900 ms)

========================================================================
Received Prepare
Registering precompiled user dll's ...
Registered in 0.002513 seconds.
Begin MonoManager ReloadAssembly
Native extension for WindowsStandalone target not found
Refreshing native plugins compatible for Editor in 0.87 ms, found 1 plugins.
Preloading 0 native plugins for Editor in 0.00 ms.
Mono: successfully reloaded assembly
- Completed reload, in  0.970 seconds
Platform modules already initialized, skipping
Refreshing native plugins compatible for Editor in 0.87 ms, found 1 plugins.
Preloading 0 native plugins for Editor in 0.00 ms.
Unloading 4825 Unused Serialized files (Serialized files now loaded: 0)
System memory in use before: 217.0 MB.
System memory in use after: 214.7 MB.

Unloading 35 unused Assets to reduce memory usage. Loaded Objects now: 5882.
Total: 4.650300 ms (FindLiveObjects: 0.502100 ms CreateObjectMapping: 0.164800 ms MarkObjects: 2.448900 ms  DeleteObjects: 1.533400 ms)

========================================================================
Received Prepare
Registering precompiled user dll's ...
Registered in 0.002519 seconds.
Begin MonoManager ReloadAssembly
Native extension for WindowsStandalone target not found
Refreshing native plugins compatible for Editor in 0.87 ms, found 1 plugins.
Preloading 0 native plugins for Editor in 0.00 ms.
Mono: successfully reloaded assembly
- Completed reload, in  0.954 seconds
Platform modules already initialized, skipping
Refreshing native plugins compatible for Editor in 0.85 ms, found 1 plugins.
Preloading 0 native plugins for Editor in 0.00 ms.
Unloading 4825 Unused Serialized files (Serialized files now loaded: 0)
System memory in use before: 217.0 MB.
System memory in use after: 214.7 MB.

Unloading 35 unused Assets to reduce memory usage. Loaded Objects now: 5885.
Total: 4.550100 ms (FindLiveObjects: 0.540000 ms CreateObjectMapping: 0.149700 ms MarkObjects: 2.333500 ms  DeleteObjects: 1.526000 ms)

========================================================================
Received Prepare
Registering precompiled user dll's ...
Registered in 0.002640 seconds.
Begin MonoManager ReloadAssembly
Native extension for WindowsStandalone target not found
Refreshing native plugins compatible for Editor in 0.96 ms, found 1 plugins.
Preloading 0 native plugins for Editor in 0.00 ms.
Mono: successfully reloaded assembly
- Completed reload, in  1.001 seconds
Platform modules already initialized, skipping
Refreshing native plugins compatible for Editor in 0.83 ms, found 1 plugins.
Preloading 0 native plugins for Editor in 0.00 ms.
Unloading 4825 Unused Serialized files (Serialized files now loaded: 0)
System memory in use before: 216.8 MB.
System memory in use after: 214.6 MB.

Unloading 35 unused Assets to reduce memory usage. Loaded Objects now: 5888.
Total: 4.996200 ms (FindLiveObjects: 0.489200 ms CreateObjectMapping: 0.169100 ms MarkObjects: 2.812300 ms  DeleteObjects: 1.524500 ms)

========================================================================
Received Prepare
Registering precompiled user dll's ...
Registered in 0.003070 seconds.
Begin MonoManager ReloadAssembly
Native extension for WindowsStandalone target not found
Refreshing native plugins compatible for Editor in 0.87 ms, found 1 plugins.
Preloading 0 native plugins for Editor in 0.00 ms.
Mono: successfully reloaded assembly
- Completed reload, in  0.970 seconds
Platform modules already initialized, skipping
Refreshing native plugins compatible for Editor in 0.85 ms, found 1 plugins.
Preloading 0 native plugins for Editor in 0.00 ms.
Unloading 4825 Unused Serialized files (Serialized files now loaded: 0)
System memory in use before: 217.0 MB.
System memory in use after: 214.8 MB.

Unloading 35 unused Assets to reduce memory usage. Loaded Objects now: 5891.
Total: 4.752400 ms (FindLiveObjects: 0.505600 ms CreateObjectMapping: 0.157100 ms MarkObjects: 2.598300 ms  DeleteObjects: 1.490600 ms)

========================================================================
Received Prepare
Registering precompiled user dll's ...
Registered in 0.002485 seconds.
Begin MonoManager ReloadAssembly
Native extension for WindowsStandalone target not found
Refreshing native plugins compatible for Editor in 0.98 ms, found 1 plugins.
Preloading 0 native plugins for Editor in 0.00 ms.
Mono: successfully reloaded assembly
- Completed reload, in  0.929 seconds
Platform modules already initialized, skipping
Refreshing native plugins compatible for Editor in 0.90 ms, found 1 plugins.
Preloading 0 native plugins for Editor in 0.00 ms.
Unloading 4825 Unused Serialized files (Serialized files now loaded: 0)
System memory in use before: 217.1 MB.
System memory in use after: 214.8 MB.

Unloading 35 unused Assets to reduce memory usage. Loaded Objects now: 5894.
Total: 4.716300 ms (FindLiveObjects: 0.648100 ms CreateObjectMapping: 0.193500 ms MarkObjects: 2.320200 ms  DeleteObjects: 1.553400 ms)

========================================================================
Received Prepare
Registering precompiled user dll's ...
Registered in 0.002425 seconds.
Begin MonoManager ReloadAssembly
Native extension for WindowsStandalone target not found
Refreshing native plugins compatible for Editor in 0.86 ms, found 1 plugins.
Preloading 0 native plugins for Editor in 0.00 ms.
Mono: successfully reloaded assembly
- Completed reload, in  0.928 seconds
Platform modules already initialized, skipping
Refreshing native plugins compatible for Editor in 0.87 ms, found 1 plugins.
Preloading 0 native plugins for Editor in 0.00 ms.
Unloading 4825 Unused Serialized files (Serialized files now loaded: 0)
System memory in use before: 217.1 MB.
System memory in use after: 214.8 MB.

Unloading 35 unused Assets to reduce memory usage. Loaded Objects now: 5897.
Total: 4.687800 ms (FindLiveObjects: 0.481800 ms CreateObjectMapping: 0.151000 ms MarkObjects: 2.548800 ms  DeleteObjects: 1.505200 ms)

========================================================================
Received Prepare
Registering precompiled user dll's ...
Registered in 0.002422 seconds.
Begin MonoManager ReloadAssembly
Native extension for WindowsStandalone target not found
Refreshing native plugins compatible for Editor in 0.88 ms, found 1 plugins.
Preloading 0 native plugins for Editor in 0.00 ms.
Mono: successfully reloaded assembly
- Completed reload, in  0.925 seconds
Platform modules already initialized, skipping
Refreshing native plugins compatible for Editor in 0.87 ms, found 1 plugins.
Preloading 0 native plugins for Editor in 0.00 ms.
Unloading 4825 Unused Serialized files (Serialized files now loaded: 0)
System memory in use before: 217.1 MB.
System memory in use after: 214.8 MB.

Unloading 35 unused Assets to reduce memory usage. Loaded Objects now: 5900.
Total: 4.876500 ms (FindLiveObjects: 0.590800 ms CreateObjectMapping: 0.204800 ms MarkObjects: 2.514300 ms  DeleteObjects: 1.565800 ms)

========================================================================
Received Import Request.
  Time since last request: 2012.016502 seconds.
  path: Assets/Art/Earth Colours.mat
  artifactKey: Guid(75d643eb58ed48c4bbd03e59ada86081) Importer(815301076,1909f56bfc062723c751e8b465ee728b)
Start importing Assets/Art/Earth Colours.mat using Guid(75d643eb58ed48c4bbd03e59ada86081) Importer(815301076,1909f56bfc062723c751e8b465ee728b)  -> (artifact id: 'c1514e41a27bec08667f06214926508b') in 0.413791 seconds 
========================================================================
Received Import Request.
  Time since last request: 40.255546 seconds.
  path: Assets/Art/Earth Colours.mat
  artifactKey: Guid(75d643eb58ed48c4bbd03e59ada86081) Importer(815301076,1909f56bfc062723c751e8b465ee728b)
Start importing Assets/Art/Earth Colours.mat using Guid(75d643eb58ed48c4bbd03e59ada86081) Importer(815301076,1909f56bfc062723c751e8b465ee728b)  -> (artifact id: 'e98d0512326236c640110cdafc0852eb') in 0.038617 seconds 
========================================================================
Received Prepare
Registering precompiled user dll's ...
Registered in 0.002688 seconds.
Begin MonoManager ReloadAssembly
Native extension for WindowsStandalone target not found
Refreshing native plugins compatible for Editor in 0.92 ms, found 1 plugins.
Preloading 0 native plugins for Editor in 0.00 ms.
Mono: successfully reloaded assembly
- Completed reload, in  0.984 seconds
Platform modules already initialized, skipping
Refreshing native plugins compatible for Editor in 0.85 ms, found 1 plugins.
Preloading 0 native plugins for Editor in 0.00 ms.
Unloading 4825 Unused Serialized files (Serialized files now loaded: 0)
System memory in use before: 217.2 MB.
System memory in use after: 214.9 MB.

Unloading 35 unused Assets to reduce memory usage. Loaded Objects now: 6005.
Total: 5.090000 ms (FindLiveObjects: 0.650400 ms CreateObjectMapping: 0.177500 ms MarkObjects: 2.575900 ms  DeleteObjects: 1.684900 ms)

========================================================================
Received Prepare
Registering precompiled user dll's ...
Registered in 0.002535 seconds.
Begin MonoManager ReloadAssembly
Native extension for WindowsStandalone target not found
Refreshing native plugins compatible for Editor in 0.84 ms, found 1 plugins.
Preloading 0 native plugins for Editor in 0.00 ms.
Mono: successfully reloaded assembly
- Completed reload, in  0.930 seconds
Platform modules already initialized, skipping
Refreshing native plugins compatible for Editor in 0.86 ms, found 1 plugins.
Preloading 0 native plugins for Editor in 0.00 ms.
Unloading 4825 Unused Serialized files (Serialized files now loaded: 0)
System memory in use before: 217.4 MB.
System memory in use after: 215.1 MB.

Unloading 35 unused Assets to reduce memory usage. Loaded Objects now: 6008.
Total: 4.488800 ms (FindLiveObjects: 0.465300 ms CreateObjectMapping: 0.153200 ms MarkObjects: 2.370500 ms  DeleteObjects: 1.498800 ms)

========================================================================
Received Import Request.
  Time since last request: 112.972585 seconds.
  path: Assets/Art/Earth Colours.mat
  artifactKey: Guid(75d643eb58ed48c4bbd03e59ada86081) Importer(815301076,1909f56bfc062723c751e8b465ee728b)
Start importing Assets/Art/Earth Colours.mat using Guid(75d643eb58ed48c4bbd03e59ada86081) Importer(815301076,1909f56bfc062723c751e8b465ee728b)  -> (artifact id: '794a4582d29e819f6fb30c0cc1334a43') in 0.370162 seconds 
========================================================================
Received Import Request.
  Time since last request: 27.849454 seconds.
  path: Assets/Art/world.topo.bathy.200409.3x21600x10800.png
  artifactKey: Guid(3c48807f44d54a649a498aac87056dd2) Importer(815301076,1909f56bfc062723c751e8b465ee728b)
Start importing Assets/Art/world.topo.bathy.200409.3x21600x10800.png using Guid(3c48807f44d54a649a498aac87056dd2) Importer(815301076,1909f56bfc062723c751e8b465ee728b)  -> (artifact id: '696e6227602af5d3c8def2211472c894') in 0.016268 seconds 
========================================================================
Received Import Request.
  Time since last request: 41.040852 seconds.
  path: Assets/Scripts/Planet Scripts/ColourGenerator.cs
  artifactKey: Guid(70f526dac8162534887956f7923cdfd3) Importer(815301076,1909f56bfc062723c751e8b465ee728b)
Start importing Assets/Scripts/Planet Scripts/ColourGenerator.cs using Guid(70f526dac8162534887956f7923cdfd3) Importer(815301076,1909f56bfc062723c751e8b465ee728b)  -> (artifact id: 'aa6e04b7044b9449cffed223d13ff83f') in 0.008408 seconds 
========================================================================
Received Import Request.
  Time since last request: 115.866413 seconds.
  path: Assets/Scripts/Planet Scripts/ColourGenerator.cs
  artifactKey: Guid(70f526dac8162534887956f7923cdfd3) Importer(815301076,1909f56bfc062723c751e8b465ee728b)
Start importing Assets/Scripts/Planet Scripts/ColourGenerator.cs using Guid(70f526dac8162534887956f7923cdfd3) Importer(815301076,1909f56bfc062723c751e8b465ee728b)  -> (artifact id: 'ad5fbc77571236e040f6d6e426e153eb') in 0.001628 seconds 
========================================================================
Received Prepare
Registering precompiled user dll's ...
Registered in 0.002526 seconds.
Begin MonoManager ReloadAssembly
Native extension for WindowsStandalone target not found
Refreshing native plugins compatible for Editor in 0.91 ms, found 1 plugins.
Preloading 0 native plugins for Editor in 0.00 ms.
Mono: successfully reloaded assembly
- Completed reload, in  1.002 seconds
Platform modules already initialized, skipping
Refreshing native plugins compatible for Editor in 0.84 ms, found 1 plugins.
Preloading 0 native plugins for Editor in 0.00 ms.
Unloading 4825 Unused Serialized files (Serialized files now loaded: 0)
System memory in use before: 217.9 MB.
System memory in use after: 215.6 MB.

Unloading 35 unused Assets to reduce memory usage. Loaded Objects now: 6127.
Total: 4.509200 ms (FindLiveObjects: 0.485200 ms CreateObjectMapping: 0.163400 ms MarkObjects: 2.380900 ms  DeleteObjects: 1.478600 ms)

========================================================================
Received Import Request.
  Time since last request: 35.138043 seconds.
  path: Assets/Scripts/Planet Scripts/ColourGenerator.cs
  artifactKey: Guid(70f526dac8162534887956f7923cdfd3) Importer(815301076,1909f56bfc062723c751e8b465ee728b)
Start importing Assets/Scripts/Planet Scripts/ColourGenerator.cs using Guid(70f526dac8162534887956f7923cdfd3) Importer(815301076,1909f56bfc062723c751e8b465ee728b)  -> (artifact id: 'cb8f497005dd9c8ce2abb3e408a7cf6e') in 0.006236 seconds 
AssetImportWorkerClient::OnTransportError - code=2 error=End of file
